2025-04-08 23:47:39.119287 - Received CBT.V508.FILE130.PDS from FILE130.XMI 
2025-04-08 23:47:39.121640 - Found $$$#DATE.txt (text/plain) in CBT.V508.FILE130.PDS, moved to PDS/$$$#DATE
2025-04-08 23:47:39.122299 - Found $DSCLAIM.txt (text/plain) in CBT.V508.FILE130.PDS, moved to PDS/$DSCLAIM
2025-04-08 23:47:39.122900 - Found $INDEX.txt (text/plain) in CBT.V508.FILE130.PDS, moved to PDS/$INDEX
2025-04-08 23:47:39.123482 - Found @FILE130.txt (text/plain) in CBT.V508.FILE130.PDS, moved to PDS/@FILE130
2025-04-08 23:47:39.124078 - Found BLGS11.jcl (text/plain) in CBT.V508.FILE130.PDS, moved to PDS/BLGS11
2025-04-08 23:47:39.124673 - Found CBT$.txt (text/plain) in CBT.V508.FILE130.PDS, moved to PDS/CBT$
2025-04-08 23:47:39.125136 - Found CBTAMS.jcl (text/plain) in CBT.V508.FILE130.PDS, moved to PDS/CBTAMS
2025-04-08 23:47:39.125710 - Found CBTBLD.jcl (text/plain) in CBT.V508.FILE130.PDS, moved to PDS/CBTBLD
2025-04-08 23:47:39.126169 - Found CBTOZD.jcl (text/plain) in CBT.V508.FILE130.PDS, moved to PDS/CBTOZD
2025-04-08 23:47:39.126805 - Found CDF.jcl (text/plain) in CBT.V508.FILE130.PDS, moved to PDS/CDF
2025-04-08 23:47:39.127372 - Found CDF$.txt (text/plain) in CBT.V508.FILE130.PDS, moved to PDS/CDF$
2025-04-08 23:47:39.127897 - Found CDFDATAB.txt (text/plain) in CBT.V508.FILE130.PDS, moved to PDS/CDFDATAB
2025-04-08 23:47:39.128445 - Found CDFHELP.txt (text/plain) in CBT.V508.FILE130.PDS, moved to PDS/CDFHELP
2025-04-08 23:47:39.129017 - Found CDF00.txt (text/plain) in CBT.V508.FILE130.PDS, moved to PDS/CDF00
2025-04-08 23:47:39.129599 - Found IGC0023E.jcl (text/plain) in CBT.V508.FILE130.PDS, moved to PDS/IGC0023E
2025-04-08 23:47:39.130195 - Found INFOMGT.txt (text/plain) in CBT.V508.FILE130.PDS, moved to PDS/INFOMGT
2025-04-08 23:47:39.130721 - Found INFOMGTP.txt (text/plain) in CBT.V508.FILE130.PDS, moved to PDS/INFOMGTP
2025-04-08 23:47:39.131318 - Found IN00.txt (text/plain) in CBT.V508.FILE130.PDS, moved to PDS/IN00
2025-04-08 23:47:39.131845 - Found ISR@PRIM.txt (text/plain) in CBT.V508.FILE130.PDS, moved to PDS/ISR@PRIM
2025-04-08 23:47:39.132313 - Found PSCANZAP.jcl (text/plain) in CBT.V508.FILE130.PDS, moved to PDS/PSCANZAP
